
 -----------------------------------------------
      Restrained ESP Fit 2.3  Amber 4.1
 -----------------------------------------------
 Resp charges for organic molecule                                               
 -----------------------------------------------


 inopt       =     0   ioutopt     =     1
 nmol        =     1   iqopt       =     0
 ihfree      =     1   irstrnt     =     1
 iunits      =     0   qwt         =   0.00050000
 wtmol(1) =     1.000000
 subtitle:

Resp charges for organic molecule                                               
ich =   0  iuniq =  22
    1    7    0
    2    6    0
    3    7    0
    4    6    0
    5    6    0
    6    6    0
    7    8    0
    8    6    0
    9    6    0
   10    7    0
   11    6    0
   12    7    0
   13    7    0
   14    1    0
   15    1   14
   16    1    0
   17    1    0
   18    1    0
   19    1    0
   20    1   19
   21    1    0
   22    1    0

  ----------------------------------------------------------------------------
     ATOM                       COORDINATES                         CHARGE
                       X             Y                Z
  ----------------------------------------------------------------------------
  ----------------------------------------------------------------------------


 Charge on the molecule(ich) =    0
 Total number of atoms (iuniq)     =   22
 Weight factor on initial charge restraints(qwt)=     0.50000D-03


  there are  1 charge constraints:


     1       1
     2       1
     3       1
     4       1
     5       1
     6       1
     7       1
     8       1
     9       1
    10       1
    11       1
    12       1
    13       1
    14       1
    15       1
    16       1
    17       1
    18       1
    19       1
    20       1
    21       1
    22       1

 Reading esp"s for molecule   1
 total number of atoms      =    22
 total number of esp points =  6489


 center     X       Y       Z 
    1   0.3611416E+01  -0.2056489E+01   0.3754319E-01
    2   0.4688849E+01   0.2761627E+00   0.7887338E-01
    3   0.3432096E+01   0.2351492E+01   0.2427353E-01
    4   0.8847867E+00   0.2007719E+01  -0.4269647E-01
    5  -0.4216942E+00  -0.2463693E+00  -0.9907455E-01
    6   0.9950447E+00  -0.2546502E+01  -0.4323126E-01
    7   0.2777274E+00  -0.4699733E+01  -0.4510209E-01
    8  -0.3078513E+01   0.3456876E+00  -0.1698051E+00
    9  -0.5228046E+01  -0.1505643E+01  -0.2698963E+00
   10  -0.7607848E+01  -0.2730994E+00   0.3590631E+00
   11  -0.3227764E+01   0.2889633E+01  -0.1577052E+00
   12  -0.8026554E+00   0.3895064E+01  -0.8046075E-01
   13   0.7264330E+01   0.3280640E+00   0.2615834E+00
   14   0.8220813E+01  -0.1054354E+01  -0.5864651E+00
   15   0.7993868E+01   0.2042813E+01  -0.1209992E-01
   16   0.4690045E+01  -0.3590768E+01   0.2258903E+00
   17  -0.4785665E+01  -0.3108841E+01   0.9378275E+00
   18  -0.5388081E+01  -0.2251603E+01  -0.2174062E+01
   19  -0.7651499E+01   0.1554583E+00   0.2203619E+01
   20  -0.9058906E+01  -0.1442691E+01   0.2865203E-01
   21  -0.3517064E+00   0.5717101E+01  -0.4236388E-01
   22  -0.4848001E+01   0.4091387E+01  -0.2130137E+00
 Initial ssvpot =     2.902


 Number of unique UNfrozen centers=   20

 Non-linear optimization requested.
 qchnge =    0.1283448805    
 qchnge =    0.1473324983E-02
 qchnge =    0.1072019788E-03
 qchnge =    0.8550157429E-05
 qchnge =    0.7068042546E-06

 Convergence in    4 iterations


Resp charges for organic molecule                                               

          Point Charges Before & After Optimization

    no.  At.no.    q(init)       q(opt)     ivary    d(rstr)/dq
    1   7       0.000000      -0.859056      0       0.000578
    2   6       0.000000       1.006198      0       0.000494
    3   7       0.000000      -0.831376      0       0.000597
    4   6       0.000000       0.655525      0       0.000754
    5   6       0.000000      -0.535399      0       0.000918
    6   6       0.000000       0.914504      0       0.000544
    7   8       0.000000      -0.661532      0       0.000747
    8   6       0.000000      -0.005340      0       0.004993
    9   6       0.000000       0.377776      0       0.001279
   10   7       0.000000      -1.039680      0       0.000479
   11   6       0.000000      -0.162628      0       0.002619
   12   7       0.000000      -0.473053      0       0.001034
   13   7       0.000000      -0.969089      0       0.000513
   14   1       0.000000       0.403985      0       0.000000
   15   1       0.000000       0.403985     14       0.000000
   16   1       0.000000       0.426004      0       0.000000
   17   1       0.000000      -0.005543      0       0.000000
   18   1       0.000000       0.023645      0       0.000000
   19   1       0.000000       0.376276      0       0.000000
   20   1       0.000000       0.376276     19       0.000000
   21   1       0.000000       0.392642      0       0.000000
   22   1       0.000000       0.185879      0       0.000000

 Sum over the calculated charges:     -0.000

        Statistics of the fitting:
  The initial sum of squares (ssvpot)                      2.902
  The residual sum of squares (chipot)                     0.022
  The std err of estimate (sqrt(chipot/N))               0.00184
  ESP relative RMS (SQRT(chipot/ssvpot))                 0.08691

 Center of Mass (Angst.):

 X  =   0.00000      Y  =   0.00000      Z  =   0.00000

 Dipole (Debye):

 X  =   3.12827      Y  =   1.91957      Z  =  -0.10251

 Dipole Moment (Debye)=   3.67169

 Quadrupole (Debye*Angst.):

 Qxx =  47.33176     QYY = -22.81745     QZZ = -24.51432
 Qxy = -39.33094     QXZ = -56.30766     QYZ = -31.43707
