
 -----------------------------------------------
      Restrained ESP Fit 2.3  Amber 4.1
 -----------------------------------------------
 Resp charges for organic molecule                                               
 -----------------------------------------------


 inopt       =     0   ioutopt     =     1
 nmol        =     1   iqopt       =     2
 ihfree      =     1   irstrnt     =     1
 iunits      =     0   qwt         =   0.00100000
 wtmol(1) =     1.000000
 subtitle:

Resp charges for organic molecule                                               
ich =   0  iuniq =  22
    1    7  -99
    2    6  -99
    3    7  -99
    4    6  -99
    5    6  -99
    6    6  -99
    7    8  -99
    8    6  -99
    9    6    0
   10    7  -99
   11    6  -99
   12    7  -99
   13    7  -99
   14    1  -99
   15    1  -99
   16    1  -99
   17    1    0
   18    1   17
   19    1  -99
   20    1  -99
   21    1  -99
   22    1  -99
 new q0 values to be read  22

  ----------------------------------------------------------------------------
     ATOM                       COORDINATES                         CHARGE
                       X             Y                Z
  ----------------------------------------------------------------------------
  ----------------------------------------------------------------------------


 Charge on the molecule(ich) =    0
 Total number of atoms (iuniq)     =   22
 Weight factor on initial charge restraints(qwt)=     0.10000D-02


  there are  1 charge constraints:


     1       1
     2       1
     3       1
     4       1
     5       1
     6       1
     7       1
     8       1
     9       1
    10       1
    11       1
    12       1
    13       1
    14       1
    15       1
    16       1
    17       1
    18       1
    19       1
    20       1
    21       1
    22       1

 Reading esp"s for molecule   1
 total number of atoms      =    22
 total number of esp points =  6489


 center     X       Y       Z 
    1   0.3611416E+01  -0.2056489E+01   0.3754319E-01
    2   0.4688849E+01   0.2761627E+00   0.7887338E-01
    3   0.3432096E+01   0.2351492E+01   0.2427353E-01
    4   0.8847867E+00   0.2007719E+01  -0.4269647E-01
    5  -0.4216942E+00  -0.2463693E+00  -0.9907455E-01
    6   0.9950447E+00  -0.2546502E+01  -0.4323126E-01
    7   0.2777274E+00  -0.4699733E+01  -0.4510209E-01
    8  -0.3078513E+01   0.3456876E+00  -0.1698051E+00
    9  -0.5228046E+01  -0.1505643E+01  -0.2698963E+00
   10  -0.7607848E+01  -0.2730994E+00   0.3590631E+00
   11  -0.3227764E+01   0.2889633E+01  -0.1577052E+00
   12  -0.8026554E+00   0.3895064E+01  -0.8046075E-01
   13   0.7264330E+01   0.3280640E+00   0.2615834E+00
   14   0.8220813E+01  -0.1054354E+01  -0.5864651E+00
   15   0.7993868E+01   0.2042813E+01  -0.1209992E-01
   16   0.4690045E+01  -0.3590768E+01   0.2258903E+00
   17  -0.4785665E+01  -0.3108841E+01   0.9378275E+00
   18  -0.5388081E+01  -0.2251603E+01  -0.2174062E+01
   19  -0.7651499E+01   0.1554583E+00   0.2203619E+01
   20  -0.9058906E+01  -0.1442691E+01   0.2865203E-01
   21  -0.3517064E+00   0.5717101E+01  -0.4236388E-01
   22  -0.4848001E+01   0.4091387E+01  -0.2130137E+00
 Initial ssvpot =     2.902


 Number of unique UNfrozen centers=    2

 Non-linear optimization requested.
 qchnge =    0.1271478328    
 qchnge =    0.4219844916E-04
 qchnge =    0.7914613378E-07

 Convergence in    2 iterations


Resp charges for organic molecule                                               

          Point Charges Before & After Optimization

    no.  At.no.    q(init)       q(opt)     ivary    d(rstr)/dq
    1   7      -0.859056      -0.859056    -99       0.001156
    2   6       1.006198       1.006198    -99       0.000989
    3   7      -0.831376      -0.831376    -99       0.001194
    4   6       0.655525       0.655525    -99       0.001508
    5   6      -0.535399      -0.535399    -99       0.001836
    6   6       0.914504       0.914504    -99       0.001087
    7   8      -0.661532      -0.661532    -99       0.001495
    8   6      -0.005340      -0.005340    -99       0.009986
    9   6       0.377776       0.376664      0       0.002566
   10   7      -1.039680      -1.039680    -99       0.000957
   11   6      -0.162628      -0.162628    -99       0.005238
   12   7      -0.473053      -0.473053    -99       0.002068
   13   7      -0.969089      -0.969089    -99       0.001026
   14   1       0.403985       0.403985    -99       0.000000
   15   1       0.403985       0.403985    -99       0.000000
   16   1       0.426004       0.426004    -99       0.000000
   17   1      -0.005543       0.009607      0       0.000000
   18   1       0.023645       0.009607     17       0.000000
   19   1       0.376276       0.376276    -99       0.000000
   20   1       0.376276       0.376276    -99       0.000000
   21   1       0.392642       0.392642    -99       0.000000
   22   1       0.185879       0.185879    -99       0.000000

 Sum over the calculated charges:     -0.000

        Statistics of the fitting:
  The initial sum of squares (ssvpot)                      2.902
  The residual sum of squares (chipot)                     0.024
  The std err of estimate (sqrt(chipot/N))               0.00193
  ESP relative RMS (SQRT(chipot/ssvpot))                 0.09144

 Center of Mass (Angst.):

 X  =   0.00000      Y  =   0.00000      Z  =   0.00000

 Dipole (Debye):

 X  =   3.15106      Y  =   1.88445      Z  =   0.01194

 Dipole Moment (Debye)=   3.67158

 Quadrupole (Debye*Angst.):

 Qxx =  47.06069     QYY = -22.42803     QZZ = -24.63266
 Qxy = -39.04793     QXZ = -57.15594     QYZ = -31.79847
